Arguments: 
  /home/leonardo/.nvm/versions/node/v16.16.0/bin/node /home/leonardo/.cache/node/corepack/yarn/1.22.19/bin/yarn.js add nodyarn add -D nodemon

PATH: 
  /home/leonardo/.nvm/versions/node/v16.16.0/bin:/usr/local/sbin:/usr/local/bin:/usr/sbin:/usr/bin:/sbin:/bin:/usr/games:/usr/local/games:/snap/bin:/home/leonardo/.dotnet/tools:/usr/lib/jvm/java-11-openjdk-amd64:/usr/sbin:/usr/local/sbin:/usr/lib/jvm/java-11-openjdk-amd64:/usr/sbin:/usr/local/sbin

Yarn version: 
  1.22.19

Node version: 
  16.16.0

Platform: 
  linux x64

Trace: 
  Error: https://registry.yarnpkg.com/nodyarn: Not found
      at Request.params.callback [as _callback] (/home/leonardo/.cache/node/corepack/yarn/1.22.19/lib/cli.js:66145:18)
      at Request.self.callback (/home/leonardo/.cache/node/corepack/yarn/1.22.19/lib/cli.js:140890:22)
      at Request.emit (node:events:527:28)
      at Request.<anonymous> (/home/leonardo/.cache/node/corepack/yarn/1.22.19/lib/cli.js:141862:10)
      at Request.emit (node:events:527:28)
      at IncomingMessage.<anonymous> (/home/leonardo/.cache/node/corepack/yarn/1.22.19/lib/cli.js:141784:12)
      at Object.onceWrapper (node:events:641:28)
      at IncomingMessage.emit (node:events:539:35)
      at endReadableNT (node:internal/streams/readable:1345:12)
      at processTicksAndRejections (node:internal/process/task_queues:83:21)

npm manifest: 
  {
    "name": "back-end",
    "version": "1.0.0",
    "main": "index.js",
    "license": "MIT",
    "scripts": {
      "start": "nodemon ./src/index.js"
    },
    "dependencies": {
      "@prisma/client": "^4.12.0",
      "prisma": "^4.12.0"
    }
  }

yarn manifest: 
  No manifest

Lockfile: 
  # THIS IS AN AUTOGENERATED FILE. DO NOT EDIT THIS FILE DIRECTLY.
  # yarn lockfile v1
  
  
  "@prisma/client@^4.12.0":
    version "4.12.0"
    resolved "https://registry.yarnpkg.com/@prisma/client/-/client-4.12.0.tgz#119b692888b1fe0fd3305c7d0e0ac48520aa6839"
    integrity sha512-j9/ighfWwux97J2dS15nqhl60tYoH8V0IuSsgZDb6bCFcQD3fXbXmxjYC8GHhIgOk3lB7Pq+8CwElz2MiDpsSg==
    dependencies:
      "@prisma/engines-version" "4.12.0-67.659ef412370fa3b41cd7bf6e94587c1dfb7f67e7"
  
  "@prisma/engines-version@4.12.0-67.659ef412370fa3b41cd7bf6e94587c1dfb7f67e7":
    version "4.12.0-67.659ef412370fa3b41cd7bf6e94587c1dfb7f67e7"
    resolved "https://registry.yarnpkg.com/@prisma/engines-version/-/engines-version-4.12.0-67.659ef412370fa3b41cd7bf6e94587c1dfb7f67e7.tgz#51a1cc5c886564b542acde64a873645d0dee2566"
    integrity sha512-JIHNj5jlXb9mcaJwakM0vpgRYJIAurxTUqM0iX0tfEQA5XLZ9ONkIckkhuAKdAzocZ+80GYg7QSsfpjg7OxbOA==
  
  "@prisma/engines@4.12.0":
    version "4.12.0"
    resolved "https://registry.yarnpkg.com/@prisma/engines/-/engines-4.12.0.tgz#68d99078b70b2d9c339d0e8cbf2e99f00b72aa8c"
    integrity sha512-0alKtnxhNB5hYU+ymESBlGI4b9XrGGSdv7Ud+8TE/fBNOEhIud0XQsAR+TrvUZgS4na5czubiMsODw0TUrgkIA==
  
  prisma@^4.12.0:
    version "4.12.0"
    resolved "https://registry.yarnpkg.com/prisma/-/prisma-4.12.0.tgz#1080eda951928cb3b0274ad29da9ae4f93143d68"
    integrity sha512-xqVper4mbwl32BWzLpdznHAYvYDWQQWK2tBfXjdUD397XaveRyAP7SkBZ6kFlIg8kKayF4hvuaVtYwXd9BodAg==
    dependencies:
      "@prisma/engines" "4.12.0"
